<?xml version="1.0" encoding="UTF-8"?>
<testsuite xmlns:xsi="http://www.w3.org/2001/XMLSchema-instance" xsi:noNamespaceSchemaLocation="https://maven.apache.org/surefire/maven-surefire-plugin/xsd/surefire-test-report-3.0.xsd" version="3.0" name="TestSuite" time="53.58" tests="4" errors="0" skipped="0" failures="0">
  <properties>
[...]
</properties>
  <testcase name="apparel" classname="TC_APPAREL_SHOES_04.Apparel_Page_Test" time="3.643">
    <system-out><![CDATA[DataBase Connection
parallel execution
Browser launched
login to Application
Test_Case_Pass :Blue Jeans
]]></system-out>
    <system-err><![CDATA[SLF4J(W): No SLF4J providers were found.
SLF4J(W): Defaulting to no-operation (NOP) logger implementation
SLF4J(W): See https://www.slf4j.org/codes.html#noProviders for further details.
Jul 16, 2024 10:33:48 PM org.openqa.selenium.devtools.CdpVersionFinder findNearestMatch
WARNING: Unable to find an exact match for CDP version 126, returning the closest version; found: 125; Please update to a Selenium version that supports CDP version 126
ERROR StatusLogger Log4j2 could not find a logging implementation. Please add log4j-core to the classpath. Using SimpleLogger to log to the console...
]]></system-err>
  </testcase>
  <testcase name="book" classname="TC_BOOK_DEMO_01.Book_Page_Test" time="0.082">
    <system-out><![CDATA[logout from application
close browser
Browser launched
login to Application
Test_Case_Pass :Fiction
]]></system-out>
    <system-err><![CDATA[Jul 16, 2024 10:34:02 PM org.openqa.selenium.devtools.CdpVersionFinder findNearestMatch
WARNING: Unable to find an exact match for CDP version 126, returning the closest version; found: 125; Please update to a Selenium version that supports CDP version 126
]]></system-err>
  </testcase>
  <testcase name="computer" classname="TC_COMPUTER_02.Computer_Page_Test" time="2.027">
    <system-out><![CDATA[logout from application
close browser
Browser launched
login to Application
Test_Case_Pass :Simple Computer
]]></system-out>
    <system-err><![CDATA[Jul 16, 2024 10:34:09 PM org.openqa.selenium.devtools.CdpVersionFinder findNearestMatch
WARNING: Unable to find an exact match for CDP version 126, returning the closest version; found: 125; Please update to a Selenium version that supports CDP version 126
]]></system-err>
  </testcase>
  <testcase name="electronic" classname="TC_ELECTRONIC_03.Electronic_Page_Test" time="1.989">
    <system-out><![CDATA[logout from application
close browser
Browser launched
login to Application
Test_Case_Pass :Camcorder
]]></system-out>
    <system-err><![CDATA[Jul 16, 2024 10:34:19 PM org.openqa.selenium.devtools.CdpVersionFinder findNearestMatch
WARNING: Unable to find an exact match for CDP version 126, returning the closest version; found: 125; Please update to a Selenium version that supports CDP version 126
]]></system-err>
  </testcase>
</testsuite>