<?xml version="1.0" encoding="UTF-8"?>
<testng-results ignored="12" total="16" passed="4" failed="0" skipped="0">
  <reporter-output>
  </reporter-output>
  <suite started-at="2024-07-16T22:33:34 IST" name="Surefire suite" finished-at="2024-07-16T22:34:27 IST" duration-ms="52516">
    <groups>
    </groups>
    <test started-at="2024-07-16T22:33:34 IST" name="Surefire test" finished-at="2024-07-16T22:34:27 IST" duration-ms="52516">
      <class name="TC_BOOK_DEMO_01.Book_Page_Test">
        <test-method is-config="true" signature="bc()[pri:0, instance:TC_BOOK_DEMO_01.Book_Page_Test@4c15e7fd]" started-at="2024-07-16T22:34:01 IST" name="bc" finished-at="2024-07-16T22:34:02 IST" duration-ms="1467" status="PASS">
          <reporter-output>
          </reporter-output>
        </test-method> <!-- bc -->
        <test-method is-config="true" signature="bm()[pri:0, instance:TC_BOOK_DEMO_01.Book_Page_Test@4c15e7fd]" started-at="2024-07-16T22:34:02 IST" name="bm" finished-at="2024-07-16T22:34:07 IST" duration-ms="4868" status="PASS">
          <reporter-output>
          </reporter-output>
        </test-method> <!-- bm -->
        <test-method signature="book()[pri:0, instance:TC_BOOK_DEMO_01.Book_Page_Test@4c15e7fd]" started-at="2024-07-16T22:34:07 IST" name="book" finished-at="2024-07-16T22:34:07 IST" duration-ms="83" status="PASS">
          <reporter-output>
          </reporter-output>
        </test-method> <!-- book -->
        <test-method is-config="true" signature="am()[pri:0, instance:TC_BOOK_DEMO_01.Book_Page_Test@4c15e7fd]" started-at="2024-07-16T22:34:07 IST" name="am" finished-at="2024-07-16T22:34:08 IST" duration-ms="984" status="PASS">
          <reporter-output>
          </reporter-output>
        </test-method> <!-- am -->
        <test-method is-config="true" signature="ac()[pri:0, instance:TC_BOOK_DEMO_01.Book_Page_Test@4c15e7fd]" started-at="2024-07-16T22:34:08 IST" name="ac" finished-at="2024-07-16T22:34:09 IST" duration-ms="240" status="PASS">
          <reporter-output>
          </reporter-output>
        </test-method> <!-- ac -->
      </class> <!-- TC_BOOK_DEMO_01.Book_Page_Test -->
      <class name="TC_APPAREL_SHOES_04.Apparel_Page_Test">
        <test-method is-config="true" signature="bs()[pri:0, instance:TC_APPAREL_SHOES_04.Apparel_Page_Test@13c10b87]" started-at="2024-07-16T22:33:34 IST" name="bs" finished-at="2024-07-16T22:33:34 IST" duration-ms="10" status="PASS">
          <reporter-output>
          </reporter-output>
        </test-method> <!-- bs -->
        <test-method is-config="true" signature="bt()[pri:0, instance:TC_APPAREL_SHOES_04.Apparel_Page_Test@13c10b87]" started-at="2024-07-16T22:33:34 IST" name="bt" finished-at="2024-07-16T22:33:34 IST" duration-ms="1" status="PASS">
          <reporter-output>
          </reporter-output>
        </test-method> <!-- bt -->
        <test-method is-config="true" signature="bc()[pri:0, instance:TC_APPAREL_SHOES_04.Apparel_Page_Test@13c10b87]" started-at="2024-07-16T22:33:34 IST" name="bc" finished-at="2024-07-16T22:33:48 IST" duration-ms="13635" status="PASS">
          <reporter-output>
          </reporter-output>
        </test-method> <!-- bc -->
        <test-method is-config="true" signature="bm()[pri:0, instance:TC_APPAREL_SHOES_04.Apparel_Page_Test@13c10b87]" started-at="2024-07-16T22:33:48 IST" name="bm" finished-at="2024-07-16T22:33:56 IST" duration-ms="7968" status="PASS">
          <reporter-output>
          </reporter-output>
        </test-method> <!-- bm -->
        <test-method signature="apparel()[pri:0, instance:TC_APPAREL_SHOES_04.Apparel_Page_Test@13c10b87]" started-at="2024-07-16T22:33:56 IST" name="apparel" finished-at="2024-07-16T22:34:00 IST" duration-ms="3638" status="PASS">
          <reporter-output>
          </reporter-output>
        </test-method> <!-- apparel -->
        <test-method is-config="true" signature="am()[pri:0, instance:TC_APPAREL_SHOES_04.Apparel_Page_Test@13c10b87]" started-at="2024-07-16T22:34:00 IST" name="am" finished-at="2024-07-16T22:34:01 IST" duration-ms="977" status="PASS">
          <reporter-output>
          </reporter-output>
        </test-method> <!-- am -->
        <test-method is-config="true" signature="ac()[pri:0, instance:TC_APPAREL_SHOES_04.Apparel_Page_Test@13c10b87]" started-at="2024-07-16T22:34:01 IST" name="ac" finished-at="2024-07-16T22:34:01 IST" duration-ms="325" status="PASS">
          <reporter-output>
          </reporter-output>
        </test-method> <!-- ac -->
        <test-method is-config="true" signature="at()[pri:0, instance:TC_APPAREL_SHOES_04.Apparel_Page_Test@13c10b87]" started-at="2024-07-16T22:34:27 IST" name="at" finished-at="2024-07-16T22:34:27 IST" duration-ms="0" status="PASS">
          <reporter-output>
          </reporter-output>
        </test-method> <!-- at -->
        <test-method is-config="true" signature="as()[pri:0, instance:TC_APPAREL_SHOES_04.Apparel_Page_Test@13c10b87]" started-at="2024-07-16T22:34:27 IST" name="as" finished-at="2024-07-16T22:34:27 IST" duration-ms="0" status="PASS">
          <reporter-output>
          </reporter-output>
        </test-method> <!-- as -->
      </class> <!-- TC_APPAREL_SHOES_04.Apparel_Page_Test -->
      <class name="TC_COMPUTER_02.Computer_Page_Test">
        <test-method is-config="true" signature="bc()[pri:0, instance:TC_COMPUTER_02.Computer_Page_Test@23986957]" started-at="2024-07-16T22:34:09 IST" name="bc" finished-at="2024-07-16T22:34:09 IST" duration-ms="920" status="PASS">
          <reporter-output>
          </reporter-output>
        </test-method> <!-- bc -->
        <test-method is-config="true" signature="bm()[pri:0, instance:TC_COMPUTER_02.Computer_Page_Test@23986957]" started-at="2024-07-16T22:34:09 IST" name="bm" finished-at="2024-07-16T22:34:14 IST" duration-ms="4645" status="PASS">
          <reporter-output>
          </reporter-output>
        </test-method> <!-- bm -->
        <test-method signature="computer()[pri:0, instance:TC_COMPUTER_02.Computer_Page_Test@23986957]" started-at="2024-07-16T22:34:14 IST" name="computer" finished-at="2024-07-16T22:34:16 IST" duration-ms="2018" status="PASS">
          <reporter-output>
          </reporter-output>
        </test-method> <!-- computer -->
        <test-method is-config="true" signature="am()[pri:0, instance:TC_COMPUTER_02.Computer_Page_Test@23986957]" started-at="2024-07-16T22:34:16 IST" name="am" finished-at="2024-07-16T22:34:17 IST" duration-ms="1186" status="PASS">
          <reporter-output>
          </reporter-output>
        </test-method> <!-- am -->
        <test-method is-config="true" signature="ac()[pri:0, instance:TC_COMPUTER_02.Computer_Page_Test@23986957]" started-at="2024-07-16T22:34:17 IST" name="ac" finished-at="2024-07-16T22:34:18 IST" duration-ms="240" status="PASS">
          <reporter-output>
          </reporter-output>
        </test-method> <!-- ac -->
      </class> <!-- TC_COMPUTER_02.Computer_Page_Test -->
      <class name="TC_ELECTRONIC_03.Electronic_Page_Test">
        <test-method is-config="true" signature="bc()[pri:0, instance:TC_ELECTRONIC_03.Electronic_Page_Test@23f7d05d]" started-at="2024-07-16T22:34:18 IST" name="bc" finished-at="2024-07-16T22:34:19 IST" duration-ms="984" status="PASS">
          <reporter-output>
          </reporter-output>
        </test-method> <!-- bc -->
        <test-method is-config="true" signature="bm()[pri:0, instance:TC_ELECTRONIC_03.Electronic_Page_Test@23f7d05d]" started-at="2024-07-16T22:34:19 IST" name="bm" finished-at="2024-07-16T22:34:24 IST" duration-ms="5094" status="PASS">
          <reporter-output>
          </reporter-output>
        </test-method> <!-- bm -->
        <test-method signature="electronic()[pri:0, instance:TC_ELECTRONIC_03.Electronic_Page_Test@23f7d05d]" started-at="2024-07-16T22:34:24 IST" name="electronic" finished-at="2024-07-16T22:34:26 IST" duration-ms="1990" status="PASS">
          <reporter-output>
          </reporter-output>
        </test-method> <!-- electronic -->
        <test-method is-config="true" signature="am()[pri:0, instance:TC_ELECTRONIC_03.Electronic_Page_Test@23f7d05d]" started-at="2024-07-16T22:34:26 IST" name="am" finished-at="2024-07-16T22:34:27 IST" duration-ms="995" status="PASS">
          <reporter-output>
          </reporter-output>
        </test-method> <!-- am -->
        <test-method is-config="true" signature="ac()[pri:0, instance:TC_ELECTRONIC_03.Electronic_Page_Test@23f7d05d]" started-at="2024-07-16T22:34:27 IST" name="ac" finished-at="2024-07-16T22:34:27 IST" duration-ms="217" status="PASS">
          <reporter-output>
          </reporter-output>
        </test-method> <!-- ac -->
      </class> <!-- TC_ELECTRONIC_03.Electronic_Page_Test -->
    </test> <!-- Surefire test -->
  </suite> <!-- Surefire suite -->
</testng-results>
