<?xml version="1.0" encoding="UTF-8"?>
<testng-results ignored="12" total="16" passed="4" failed="0" skipped="0">
  <reporter-output>
  </reporter-output>
  <suite started-at="2024-07-16T23:02:12 IST" name="Suite" finished-at="2024-07-16T23:03:43 IST" duration-ms="90270">
    <groups>
    </groups>
    <test started-at="2024-07-16T23:02:12 IST" name="Test" finished-at="2024-07-16T23:03:43 IST" duration-ms="90270">
      <class name="TC_BOOK_DEMO_01.Book_Page_Test">
        <test-method is-config="true" signature="bc()[pri:0, instance:TC_BOOK_DEMO_01.Book_Page_Test@42a48628]" started-at="2024-07-16T23:02:40 IST" name="bc" finished-at="2024-07-16T23:02:41 IST" duration-ms="1392" status="PASS">
          <reporter-output>
          </reporter-output>
        </test-method> <!-- bc -->
        <test-method is-config="true" signature="bm()[pri:0, instance:TC_BOOK_DEMO_01.Book_Page_Test@42a48628]" started-at="2024-07-16T23:02:41 IST" name="bm" finished-at="2024-07-16T23:02:54 IST" duration-ms="13052" status="PASS">
          <reporter-output>
          </reporter-output>
        </test-method> <!-- bm -->
        <test-method signature="book()[pri:0, instance:TC_BOOK_DEMO_01.Book_Page_Test@42a48628]" started-at="2024-07-16T23:02:54 IST" name="book" finished-at="2024-07-16T23:02:54 IST" duration-ms="52" status="PASS">
          <reporter-output>
          </reporter-output>
        </test-method> <!-- book -->
        <test-method is-config="true" signature="am()[pri:0, instance:TC_BOOK_DEMO_01.Book_Page_Test@42a48628]" started-at="2024-07-16T23:02:54 IST" name="am" finished-at="2024-07-16T23:02:56 IST" duration-ms="1534" status="PASS">
          <reporter-output>
          </reporter-output>
        </test-method> <!-- am -->
        <test-method is-config="true" signature="ac()[pri:0, instance:TC_BOOK_DEMO_01.Book_Page_Test@42a48628]" started-at="2024-07-16T23:02:56 IST" name="ac" finished-at="2024-07-16T23:02:56 IST" duration-ms="647" status="PASS">
          <reporter-output>
          </reporter-output>
        </test-method> <!-- ac -->
      </class> <!-- TC_BOOK_DEMO_01.Book_Page_Test -->
      <class name="TC_APPAREL_SHOES_04.Apparel_Page_Test">
        <test-method is-config="true" signature="bs()[pri:0, instance:TC_APPAREL_SHOES_04.Apparel_Page_Test@2f9f7dcf]" started-at="2024-07-16T23:02:12 IST" name="bs" finished-at="2024-07-16T23:02:12 IST" duration-ms="10" status="PASS">
          <reporter-output>
          </reporter-output>
        </test-method> <!-- bs -->
        <test-method is-config="true" signature="bt()[pri:0, instance:TC_APPAREL_SHOES_04.Apparel_Page_Test@2f9f7dcf]" started-at="2024-07-16T23:02:13 IST" name="bt" finished-at="2024-07-16T23:02:13 IST" duration-ms="1" status="PASS">
          <reporter-output>
          </reporter-output>
        </test-method> <!-- bt -->
        <test-method is-config="true" signature="bc()[pri:0, instance:TC_APPAREL_SHOES_04.Apparel_Page_Test@2f9f7dcf]" started-at="2024-07-16T23:02:13 IST" name="bc" finished-at="2024-07-16T23:02:23 IST" duration-ms="10293" status="PASS">
          <reporter-output>
          </reporter-output>
        </test-method> <!-- bc -->
        <test-method is-config="true" signature="bm()[pri:0, instance:TC_APPAREL_SHOES_04.Apparel_Page_Test@2f9f7dcf]" started-at="2024-07-16T23:02:23 IST" name="bm" finished-at="2024-07-16T23:02:34 IST" duration-ms="11350" status="PASS">
          <reporter-output>
          </reporter-output>
        </test-method> <!-- bm -->
        <test-method signature="apparel()[pri:0, instance:TC_APPAREL_SHOES_04.Apparel_Page_Test@2f9f7dcf]" started-at="2024-07-16T23:02:34 IST" name="apparel" finished-at="2024-07-16T23:02:38 IST" duration-ms="3815" status="PASS">
          <reporter-output>
          </reporter-output>
        </test-method> <!-- apparel -->
        <test-method is-config="true" signature="am()[pri:0, instance:TC_APPAREL_SHOES_04.Apparel_Page_Test@2f9f7dcf]" started-at="2024-07-16T23:02:38 IST" name="am" finished-at="2024-07-16T23:02:39 IST" duration-ms="1091" status="PASS">
          <reporter-output>
          </reporter-output>
        </test-method> <!-- am -->
        <test-method is-config="true" signature="ac()[pri:0, instance:TC_APPAREL_SHOES_04.Apparel_Page_Test@2f9f7dcf]" started-at="2024-07-16T23:02:39 IST" name="ac" finished-at="2024-07-16T23:02:40 IST" duration-ms="387" status="PASS">
          <reporter-output>
          </reporter-output>
        </test-method> <!-- ac -->
        <test-method is-config="true" signature="at()[pri:0, instance:TC_APPAREL_SHOES_04.Apparel_Page_Test@2f9f7dcf]" started-at="2024-07-16T23:03:43 IST" name="at" finished-at="2024-07-16T23:03:43 IST" duration-ms="0" status="PASS">
          <reporter-output>
          </reporter-output>
        </test-method> <!-- at -->
        <test-method is-config="true" signature="as()[pri:0, instance:TC_APPAREL_SHOES_04.Apparel_Page_Test@2f9f7dcf]" started-at="2024-07-16T23:03:43 IST" name="as" finished-at="2024-07-16T23:03:43 IST" duration-ms="0" status="PASS">
          <reporter-output>
          </reporter-output>
        </test-method> <!-- as -->
      </class> <!-- TC_APPAREL_SHOES_04.Apparel_Page_Test -->
      <class name="TC_COMPUTER_02.Computer_Page_Test">
        <test-method is-config="true" signature="bc()[pri:0, instance:TC_COMPUTER_02.Computer_Page_Test@293a5bf6]" started-at="2024-07-16T23:02:56 IST" name="bc" finished-at="2024-07-16T23:02:58 IST" duration-ms="1396" status="PASS">
          <reporter-output>
          </reporter-output>
        </test-method> <!-- bc -->
        <test-method is-config="true" signature="bm()[pri:0, instance:TC_COMPUTER_02.Computer_Page_Test@293a5bf6]" started-at="2024-07-16T23:02:58 IST" name="bm" finished-at="2024-07-16T23:03:14 IST" duration-ms="16355" status="PASS">
          <reporter-output>
          </reporter-output>
        </test-method> <!-- bm -->
        <test-method signature="computer()[pri:0, instance:TC_COMPUTER_02.Computer_Page_Test@293a5bf6]" started-at="2024-07-16T23:03:14 IST" name="computer" finished-at="2024-07-16T23:03:17 IST" duration-ms="2587" status="PASS">
          <reporter-output>
          </reporter-output>
        </test-method> <!-- computer -->
        <test-method is-config="true" signature="am()[pri:0, instance:TC_COMPUTER_02.Computer_Page_Test@293a5bf6]" started-at="2024-07-16T23:03:17 IST" name="am" finished-at="2024-07-16T23:03:18 IST" duration-ms="1150" status="PASS">
          <reporter-output>
          </reporter-output>
        </test-method> <!-- am -->
        <test-method is-config="true" signature="ac()[pri:0, instance:TC_COMPUTER_02.Computer_Page_Test@293a5bf6]" started-at="2024-07-16T23:03:18 IST" name="ac" finished-at="2024-07-16T23:03:18 IST" duration-ms="248" status="PASS">
          <reporter-output>
          </reporter-output>
        </test-method> <!-- ac -->
      </class> <!-- TC_COMPUTER_02.Computer_Page_Test -->
      <class name="TC_ELECTRONIC_03.Electronic_Page_Test">
        <test-method is-config="true" signature="bc()[pri:0, instance:TC_ELECTRONIC_03.Electronic_Page_Test@6aeb35e6]" started-at="2024-07-16T23:03:18 IST" name="bc" finished-at="2024-07-16T23:03:20 IST" duration-ms="1431" status="PASS">
          <reporter-output>
          </reporter-output>
        </test-method> <!-- bc -->
        <test-method is-config="true" signature="bm()[pri:0, instance:TC_ELECTRONIC_03.Electronic_Page_Test@6aeb35e6]" started-at="2024-07-16T23:03:20 IST" name="bm" finished-at="2024-07-16T23:03:26 IST" duration-ms="6467" status="PASS">
          <reporter-output>
          </reporter-output>
        </test-method> <!-- bm -->
        <test-method signature="electronic()[pri:0, instance:TC_ELECTRONIC_03.Electronic_Page_Test@6aeb35e6]" started-at="2024-07-16T23:03:26 IST" name="electronic" finished-at="2024-07-16T23:03:38 IST" duration-ms="11588" status="PASS">
          <reporter-output>
          </reporter-output>
        </test-method> <!-- electronic -->
        <test-method is-config="true" signature="am()[pri:0, instance:TC_ELECTRONIC_03.Electronic_Page_Test@6aeb35e6]" started-at="2024-07-16T23:03:38 IST" name="am" finished-at="2024-07-16T23:03:39 IST" duration-ms="1073" status="PASS">
          <reporter-output>
          </reporter-output>
        </test-method> <!-- am -->
        <test-method is-config="true" signature="ac()[pri:0, instance:TC_ELECTRONIC_03.Electronic_Page_Test@6aeb35e6]" started-at="2024-07-16T23:03:39 IST" name="ac" finished-at="2024-07-16T23:03:43 IST" duration-ms="3935" status="PASS">
          <reporter-output>
          </reporter-output>
        </test-method> <!-- ac -->
      </class> <!-- TC_ELECTRONIC_03.Electronic_Page_Test -->
    </test> <!-- Test -->
  </suite> <!-- Suite -->
</testng-results>
